This file contains any messages produced by compilers while
running configure, to aid debugging if configure makes a mistake.

It was created by configure, which was
generated by GNU Autoconf 2.59c.  Invocation command line was

  $ ./configure --prefix=/home/vierinen/src/elmer/buildtools/build.laatikko.2005-06-06-10-59-21/dist

## --------- ##
## Platform. ##
## --------- ##

hostname = laatikko
uname -m = i686
uname -r = 2.6.11
uname -s = Linux
uname -v = #3 SMP Mon May 2 00:19:56 CEST 2005

/usr/bin/uname -p = unknown
/bin/uname -X     = unknown

/bin/arch              = i686
/usr/bin/arch -k       = unknown
/usr/convex/getsysinfo = unknown
/usr/bin/hostinfo      = unknown
/bin/machine           = unknown
/usr/bin/oslevel       = unknown
/bin/universe          = unknown

PATH: /home/vierinen/bin
PATH: /opt/intel_cc_80//bin
PATH: /opt/intel_fc_80/bin
PATH: /home/vierinen/.dist/bin
PATH: /sbin
PATH: /bin
PATH: /usr/sbin
PATH: /usr/bin
PATH: /usr/X11R6/bin
PATH: /usr/local/sbin
PATH: /usr/local/bin
PATH: /usr/games
PATH: .
PATH: /home/vierinen/jvierine/bin
PATH: /home/jvierine/Projects/webi/bin
PATH: /home/jvierine/Projects/rjmcmcfft
PATH: /opt/intel_fc_80/bin
PATH: /opt/intel_cc_80/bin
PATH: /home/vierinen/src/ELMER3.0/bin/
PATH: /home/vierinen/bin
PATH: /home/vierinen/jvierine/bin


## ----------- ##
## Core tests. ##
## ----------- ##

configure:1772: checking build system type
configure:1790: result: i686-pc-linux-gnu
configure:1798: checking host system type
configure:1812: result: i686-pc-linux-gnu
configure:1820: checking target system type
configure:1834: result: i686-pc-linux-gnu
configure:1863: checking for a BSD-compatible install
configure:1918: result: /usr/bin/install -c
configure:1929: checking whether build environment is sane
configure:1972: result: yes
configure:2037: checking for gawk
configure:2053: found /usr/bin/gawk
configure:2063: result: gawk
configure:2073: checking whether make sets $(MAKE)
configure:2094: result: yes
configure:2273: checking whether to enable maintainer-specific portions of Makefiles
configure:2282: result: no
configure:2362: checking for default compilation flags
configure:2384: result: optimized
configure:2455: checking for ranlib
configure:2471: found /usr/bin/ranlib
configure:2481: result: ranlib
configure:2558: checking for xlc
configure:2587: result: no
configure:2558: checking for pathcc
configure:2587: result: no
configure:2558: checking for icc
configure:2574: found /opt/intel_cc_80//bin/icc
configure:2584: result: icc
configure:2617: checking for C compiler version
configure:2620: icc --version >&5
8.1 
configure:2623: $? = 0
configure:2625: icc -v >&5
Version 8.1 
configure:2628: $? = 0
configure:2630: icc -V >&5
Intel(R) C Compiler for 32-bit applications, Version 8.1    Build 20050207Z Package ID: <installpackageid>
Copyright (C) 1985-2005 Intel Corporation.  All rights reserved.
FOR NON-COMMERCIAL USE ONLY

icc: Command line error: no files specified; for help type "icc -help"
configure:2633: $? = 1
configure:2656: checking for C compiler default output file name
configure:2678: icc -O   conftest.c  >&5
configure:2681: $? = 0
configure:2719: result: a.out
configure:2724: checking whether the C compiler works
configure:2730: ./a.out
configure:2733: $? = 0
configure:2750: result: yes
configure:2757: checking whether we are cross compiling
configure:2759: result: no
configure:2762: checking for suffix of executables
configure:2764: icc -o conftest -O   conftest.c  >&5
configure:2767: $? = 0
configure:2792: result: 
configure:2798: checking for suffix of object files
configure:2819: icc -c -O  conftest.c >&5
configure:2822: $? = 0
configure:2845: result: o
configure:2849: checking whether we are using the GNU C compiler
configure:2873: icc -c -O  conftest.c >&5
configure:2879: $? = 0
configure:2883: test -z 
			 || test ! -s conftest.err
configure:2886: $? = 0
configure:2889: test -s conftest.o
configure:2892: $? = 0
configure:2905: result: yes
configure:2910: checking whether icc accepts -g
configure:2935: icc -c -g  conftest.c >&5
configure:2941: $? = 0
configure:2945: test -z yes
			 || test ! -s conftest.err
configure:2948: $? = 0
configure:2951: test -s conftest.o
configure:2954: $? = 0
configure:3056: result: yes
configure:3073: checking for icc option to accept ISO C89
configure:3137: icc  -c -O  conftest.c >&5
configure:3143: $? = 0
configure:3147: test -z 
			 || test ! -s conftest.err
configure:3150: $? = 0
configure:3153: test -s conftest.o
configure:3156: $? = 0
configure:3174: result: none needed
configure:3196: icc -c -O  conftest.c >&5
conftest.c(2): error: identifier "choke" is undefined
    choke me
    ^

conftest.c(3): error: expected a ";"

compilation aborted for conftest.c (code 2)
configure:3202: $? = 2
configure: failed program was:
| #ifndef __cplusplus
|   choke me
| #endif
configure:3346: checking for style of include used by make
configure:3374: result: GNU
configure:3402: checking dependency style of icc
configure:3492: result: gcc3
configure:3560: checking for xlf
configure:3589: result: no
configure:3560: checking for pathf90
configure:3589: result: no
configure:3560: checking for ifort
configure:3576: found /opt/intel_fc_80/bin/ifort
configure:3586: result: ifort
configure:3613: checking for Fortran 77 compiler version
configure:3616: ifort --version >&5
ifort: Command line warning: ignoring unknown option '-fversion'
ifort: Command line error: no files specified; for help type "ifort -help"
configure:3619: $? = 1
configure:3621: ifort -v >&5
Version 8.1 
configure:3624: $? = 0
configure:3626: ifort -V >&5
Intel(R) Fortran Compiler for 32-bit applications, Version 8.1    Build 20050207Z Package ID: <installpackageid>
Copyright (C) 1985-2005 Intel Corporation.  All rights reserved.
FOR NON-COMMERCIAL USE ONLY

ifort: Command line error: no files specified; for help type "ifort -help"
configure:3629: $? = 1
configure:3637: checking whether we are using the GNU Fortran 77 compiler
configure:3651: ifort -c -O conftest.F >&5
fortcom: Error: conftest.F, line 3: Syntax error, found END-OF-STATEMENT when expecting one of: => = . ( : %
       choke me
---------------^
fortcom: Error: conftest.F, line 3: This statement is positioned incorrectly and/or has syntax errors.
       choke me
---------------^
compilation aborted for conftest.F (code 1)
configure:3657: $? = 1
configure: failed program was:
|       program main
| #ifndef __GNUC__
|        choke me
| #endif
| 
|       end
configure:3683: result: no
configure:3689: checking whether ifort accepts -g
configure:3701: ifort -c -g conftest.f >&5
configure:3707: $? = 0
configure:3711: test -z 
			 || test ! -s conftest.err
configure:3714: $? = 0
configure:3717: test -s conftest.o
configure:3720: $? = 0
configure:3732: result: yes
configure:3760: checking for ar
configure:3769: result: ar
configure:3772: checking for ar flags
configure:3778: result: cru
configure:3787: checking how to run the C preprocessor
configure:3822: icc -E  conftest.c
configure:3828: $? = 0
configure:3860: icc -E  conftest.c
conftest.c(10): catastrophic error: could not open source file "ac_nonexistent.h"
  #include <ac_nonexistent.h>
                             ^

configure:3866: $? = 4
configure: failed program was:
| /* confdefs.h.  */
| #define PACKAGE_NAME ""
| #define PACKAGE_TARNAME ""
| #define PACKAGE_VERSION ""
| #define PACKAGE_STRING ""
| #define PACKAGE_BUGREPORT ""
| #define PACKAGE "umfpack"
| #define VERSION "1.0.0"
| /* end confdefs.h.  */
| #include <ac_nonexistent.h>
configure:3905: result: icc -E
configure:3929: icc -E  conftest.c
configure:3935: $? = 0
configure:3967: icc -E  conftest.c
conftest.c(10): catastrophic error: could not open source file "ac_nonexistent.h"
  #include <ac_nonexistent.h>
                             ^

configure:3973: $? = 4
configure: failed program was:
| /* confdefs.h.  */
| #define PACKAGE_NAME ""
| #define PACKAGE_TARNAME ""
| #define PACKAGE_VERSION ""
| #define PACKAGE_STRING ""
| #define PACKAGE_BUGREPORT ""
| #define PACKAGE "umfpack"
| #define VERSION "1.0.0"
| /* end confdefs.h.  */
| #include <ac_nonexistent.h>
configure:4017: checking for grep that handles long lines and -e
configure:4091: result: /bin/grep
configure:4096: checking for egrep
configure:4174: result: /bin/grep -E
configure:4179: checking for ANSI C header files
configure:4204: icc -c -O  conftest.c >&5
configure:4210: $? = 0
configure:4214: test -z 
			 || test ! -s conftest.err
configure:4217: $? = 0
configure:4220: test -s conftest.o
configure:4223: $? = 0
configure:4313: icc -o conftest -O   conftest.c  >&5
configure:4316: $? = 0
configure:4318: ./conftest
configure:4321: $? = 0
configure:4336: result: yes
configure:4360: checking for sys/types.h
configure:4376: icc -c -O  conftest.c >&5
configure:4382: $? = 0
configure:4386: test -z 
			 || test ! -s conftest.err
configure:4389: $? = 0
configure:4392: test -s conftest.o
configure:4395: $? = 0
configure:4406: result: yes
configure:4360: checking for sys/stat.h
configure:4376: icc -c -O  conftest.c >&5
configure:4382: $? = 0
configure:4386: test -z 
			 || test ! -s conftest.err
configure:4389: $? = 0
configure:4392: test -s conftest.o
configure:4395: $? = 0
configure:4406: result: yes
configure:4360: checking for stdlib.h
configure:4376: icc -c -O  conftest.c >&5
configure:4382: $? = 0
configure:4386: test -z 
			 || test ! -s conftest.err
configure:4389: $? = 0
configure:4392: test -s conftest.o
configure:4395: $? = 0
configure:4406: result: yes
configure:4360: checking for string.h
configure:4376: icc -c -O  conftest.c >&5
configure:4382: $? = 0
configure:4386: test -z 
			 || test ! -s conftest.err
configure:4389: $? = 0
configure:4392: test -s conftest.o
configure:4395: $? = 0
configure:4406: result: yes
configure:4360: checking for memory.h
configure:4376: icc -c -O  conftest.c >&5
configure:4382: $? = 0
configure:4386: test -z 
			 || test ! -s conftest.err
configure:4389: $? = 0
configure:4392: test -s conftest.o
configure:4395: $? = 0
configure:4406: result: yes
configure:4360: checking for strings.h
configure:4376: icc -c -O  conftest.c >&5
configure:4382: $? = 0
configure:4386: test -z 
			 || test ! -s conftest.err
configure:4389: $? = 0
configure:4392: test -s conftest.o
configure:4395: $? = 0
configure:4406: result: yes
configure:4360: checking for inttypes.h
configure:4376: icc -c -O  conftest.c >&5
configure:4382: $? = 0
configure:4386: test -z 
			 || test ! -s conftest.err
configure:4389: $? = 0
configure:4392: test -s conftest.o
configure:4395: $? = 0
configure:4406: result: yes
configure:4360: checking for stdint.h
configure:4376: icc -c -O  conftest.c >&5
configure:4382: $? = 0
configure:4386: test -z 
			 || test ! -s conftest.err
configure:4389: $? = 0
configure:4392: test -s conftest.o
configure:4395: $? = 0
configure:4406: result: yes
configure:4360: checking for unistd.h
configure:4376: icc -c -O  conftest.c >&5
configure:4382: $? = 0
configure:4386: test -z 
			 || test ! -s conftest.err
configure:4389: $? = 0
configure:4392: test -s conftest.o
configure:4395: $? = 0
configure:4406: result: yes
configure:4452: checking for 64 bit compilation flags
configure:4459: result: let's see what happens
configure:4638: checking for 64 bit CFLAGS
configure:4640: result: 
configure:4662: checking for 64 bit FFLAGS
configure:4664: result: 
configure:4671: checking for void*
configure:4695: icc -c -O   conftest.c >&5
conftest.c(56): warning #279: controlling expression is constant
  if ((void* *) 0)
      ^

configure:4701: $? = 0
configure:4705: test -z 
			 || test ! -s conftest.err
configure:4708: $? = 0
configure:4711: test -s conftest.o
configure:4714: $? = 0
configure:4725: result: yes
configure:4728: checking size of void*
configure:5040: icc -o conftest -O    conftest.c  >&5
configure:5043: $? = 0
configure:5045: ./conftest
configure:5048: $? = 0
configure:5070: result: 4
configure:5118: checking to see if we got 64 bits
configure:5122: result: nope, reverting compiler flags
configure:5139: checking for ANSI C header files
configure:5296: result: yes
configure:5434: creating ./config.status

## ---------------------- ##
## Running config.status. ##
## ---------------------- ##

This file was extended by config.status, which was
generated by GNU Autoconf 2.59c.  Invocation command line was

  CONFIG_FILES    = 
  CONFIG_HEADERS  = 
  CONFIG_LINKS    = 
  CONFIG_COMMANDS = 
  $ ./config.status 

on laatikko

config.status:700: creating Makefile
config.status:700: creating src/Makefile
config.status:700: creating src/amd/Makefile
config.status:700: creating src/amd/include/Makefile
config.status:700: creating src/umfpack/Makefile
config.status:700: creating src/umfpack/include/Makefile
config.status:805: creating config.h
config.status:1065: executing depfiles commands

## ---------------- ##
## Cache variables. ##
## ---------------- ##

ac_cv_build=i686-pc-linux-gnu
ac_cv_build_alias=i686-pc-linux-gnu
ac_cv_c_compiler_gnu=yes
ac_cv_env_CC_set=
ac_cv_env_CC_value=
ac_cv_env_CFLAGS_set=
ac_cv_env_CFLAGS_value=
ac_cv_env_CPPFLAGS_set=
ac_cv_env_CPPFLAGS_value=
ac_cv_env_CPP_set=
ac_cv_env_CPP_value=
ac_cv_env_F77_set=
ac_cv_env_F77_value=
ac_cv_env_FFLAGS_set=
ac_cv_env_FFLAGS_value=
ac_cv_env_LDFLAGS_set=
ac_cv_env_LDFLAGS_value=
ac_cv_env_build_alias_set=
ac_cv_env_build_alias_value=
ac_cv_env_host_alias_set=
ac_cv_env_host_alias_value=
ac_cv_env_target_alias_set=
ac_cv_env_target_alias_value=
ac_cv_exeext=
ac_cv_f77_compiler_gnu=no
ac_cv_header_inttypes_h=yes
ac_cv_header_memory_h=yes
ac_cv_header_stdc=yes
ac_cv_header_stdint_h=yes
ac_cv_header_stdlib_h=yes
ac_cv_header_string_h=yes
ac_cv_header_strings_h=yes
ac_cv_header_sys_stat_h=yes
ac_cv_header_sys_types_h=yes
ac_cv_header_unistd_h=yes
ac_cv_host=i686-pc-linux-gnu
ac_cv_host_alias=i686-pc-linux-gnu
ac_cv_objext=o
ac_cv_path_EGREP='/bin/grep -E'
ac_cv_path_GREP=/bin/grep
ac_cv_path_install='/usr/bin/install -c'
ac_cv_prog_AWK=gawk
ac_cv_prog_CPP='icc -E'
ac_cv_prog_ac_ct_CC=icc
ac_cv_prog_ac_ct_F77=ifort
ac_cv_prog_ac_ct_RANLIB=ranlib
ac_cv_prog_cc_c89=
ac_cv_prog_cc_g=yes
ac_cv_prog_f77_g=yes
ac_cv_prog_make_make_set=yes
ac_cv_sizeof_voidp=4
ac_cv_target=i686-pc-linux-gnu
ac_cv_target_alias=i686-pc-linux-gnu
ac_cv_type_voidp=yes
am_cv_CC_dependencies_compiler_type=gcc3

## ----------------- ##
## Output variables. ##
## ----------------- ##

ACLOCAL='${SHELL} /home/vierinen/src/elmer/buildtools/build.laatikko.2005-06-06-10-59-21/umfpack/missing --run aclocal-1.9'
AMDEPBACKSLASH='\'
AMDEP_FALSE='#'
AMDEP_TRUE=''
AMTAR='${SHELL} /home/vierinen/src/elmer/buildtools/build.laatikko.2005-06-06-10-59-21/umfpack/missing --run tar'
AR='ar'
ARFLAGS='cru'
AUTOCONF='${SHELL} /home/vierinen/src/elmer/buildtools/build.laatikko.2005-06-06-10-59-21/umfpack/missing --run autoconf'
AUTOHEADER='${SHELL} /home/vierinen/src/elmer/buildtools/build.laatikko.2005-06-06-10-59-21/umfpack/missing --run autoheader'
AUTOMAKE='${SHELL} /home/vierinen/src/elmer/buildtools/build.laatikko.2005-06-06-10-59-21/umfpack/missing --run automake-1.9'
AWK='gawk'
B64FLAGS=''
CC='icc'
CCDEPMODE='depmode=gcc3'
CFLAGS='-O'
CPP='icc -E'
CPPFLAGS=''
CYGPATH_W='echo'
DEFS='-DHAVE_CONFIG_H'
DEPDIR='.deps'
ECHO_C=''
ECHO_N='-n'
ECHO_T=''
EGREP='/bin/grep -E'
EXEEXT=''
F77='ifort'
FFLAGS='-O'
GREP='/bin/grep'
INSTALL_DATA='${INSTALL} -m 644'
INSTALL_PROGRAM='${INSTALL}'
INSTALL_SCRIPT='${INSTALL}'
INSTALL_STRIP_PROGRAM='${SHELL} $(install_sh) -c -s'
LDFLAGS=''
LIBOBJS=''
LIBS=''
LTLIBOBJS=''
MAINT='#'
MAINTAINER_MODE_FALSE=''
MAINTAINER_MODE_TRUE='#'
MAKEINFO='${SHELL} /home/vierinen/src/elmer/buildtools/build.laatikko.2005-06-06-10-59-21/umfpack/missing --run makeinfo'
OBJEXT='o'
PACKAGE='umfpack'
PACKAGE_BUGREPORT=''
PACKAGE_NAME=''
PACKAGE_STRING=''
PACKAGE_TARNAME=''
PACKAGE_VERSION=''
PATH_SEPARATOR=':'
RANLIB='ranlib'
SET_MAKE=''
SHELL='/bin/sh'
STRIP=''
USE_64BIT_ARCH_FALSE=''
USE_64BIT_ARCH_TRUE='#'
VERSION='1.0.0'
ac_ct_CC='icc'
ac_ct_F77='ifort'
ac_ct_RANLIB='ranlib'
ac_ct_STRIP=''
am__fastdepCC_FALSE='#'
am__fastdepCC_TRUE=''
am__include='include'
am__leading_dot='.'
am__quote=''
am__tar='${AMTAR} chof - "$$tardir"'
am__untar='${AMTAR} xf -'
bindir='${exec_prefix}/bin'
build='i686-pc-linux-gnu'
build_alias=''
build_cpu='i686'
build_os='linux-gnu'
build_vendor='pc'
canonical_host_type='i686-pc-linux-gnu'
datadir='${datarootdir}'
datarootdir='${prefix}/share'
docdir='${datarootdir}/doc/${PACKAGE}'
dvidir='${docdir}'
exec_prefix='${prefix}'
host='i686-pc-linux-gnu'
host_alias=''
host_cpu='i686'
host_os='linux-gnu'
host_vendor='pc'
htmldir='${docdir}'
includedir='${prefix}/include'
infodir='${datarootdir}/info'
install_sh='/home/vierinen/src/elmer/buildtools/build.laatikko.2005-06-06-10-59-21/umfpack/install-sh'
libdir='${exec_prefix}/lib'
libexecdir='${exec_prefix}/libexec'
localedir='${datarootdir}/locale'
localstatedir='${prefix}/var'
mandir='${datarootdir}/man'
mkdir_p='mkdir -p --'
oldincludedir='/usr/include'
pdfdir='${docdir}'
prefix='/home/vierinen/src/elmer/buildtools/build.laatikko.2005-06-06-10-59-21/dist'
program_transform_name='s,x,x,'
psdir='${docdir}'
sbindir='${exec_prefix}/sbin'
sharedstatedir='${prefix}/com'
sysconfdir='${prefix}/etc'
target='i686-pc-linux-gnu'
target_alias=''
target_cpu='i686'
target_os='linux-gnu'
target_vendor='pc'

## ----------- ##
## confdefs.h. ##
## ----------- ##

#define ARCH_32_BITS 1
#define HAVE_INTTYPES_H 1
#define HAVE_MEMORY_H 1
#define HAVE_STDINT_H 1
#define HAVE_STDLIB_H 1
#define HAVE_STRINGS_H 1
#define HAVE_STRING_H 1
#define HAVE_SYS_STAT_H 1
#define HAVE_SYS_TYPES_H 1
#define HAVE_UNISTD_H 1
#define PACKAGE "umfpack"
#define PACKAGE_BUGREPORT ""
#define PACKAGE_NAME ""
#define PACKAGE_STRING ""
#define PACKAGE_TARNAME ""
#define PACKAGE_VERSION ""
#define SIZEOF_VOIDP 4
#define STDC_HEADERS 1
#define STDC_HEADERS 1
#define VERSION "1.0.0"

configure: exit 0
